
 process_sequential: generate, process and store data sequentialy.
 It uses different GNU libraries (see --info option)

 usage: ./process -h
        ./process -s 1024 -n 123 -o result.nc

 version: v0.7.4v
          CImg_NetCDF.v0.8.4
          CParameterNetCDF.v0.5.1
          NcTypeInfo.v0.1.4
 compiled types <Tdata,Tproc, Taccess(,Tnetcdf)>=<unsigned int,float, unsigned char(, int)>
 compilation date: (Apr 30 2020, 12:49:35)

    -o               samples/sample.cimg      output file name (e.g. "-o data.nc" or  "-o data.cimg -d 3" gives data_???.cimg)
    -r               results/sample.cimg      result file name (e.g. "-r result.nc" or  "-r result.cimg -d 3" gives result_???.cimg)
    -d               6                        number of digit for file names
    -s               1024                     size   of udp buffer
    -n               256                      number of frames
    --generator-factory count                    generator type, e.g. count, random or peak
    --CPU-factory    count                    CPU processing type, e.g. count or kernel
    --do-check       false                    do data check, e.g. test pass (or -C option)
    --help           true                     help (or -h option)
    --info           false                    show compilation options (or -I option)
    --version        false                    show version (or -v option)
