
 process.X: generate, process and store data.
 It uses different GNU libraries (see --info option)

 usage: ./process -h
        ./process -s 1024 -n 123 -X true -p 1234 -i 10.10.15.1 -w 1234657

 version: v0.5.7f
          CImg_NetCDF.v0.8.3
 compilation date: (Jan 30 2020, 16:01:18)

    -o               sample.cimg              output file name (e.g. "-o data.nc" or  "-o data.cimg -d 3" gives data_???.cimg)
    -d               6                        number of digit for file names
    -s               1024                     size   of udp buffer
    -n               256                      number of frames
    -b               12                       size   of vector buffer (total size is b*s*4 Bytes)
    -c               3                        thread count (threads above 2 are processing one)
    --generator-factory count                    generator type, e.g. count, random or peak
    --CPU-factory    count                    CPU processing type, e.g. count or kernel
    --do-check       false                    do data check, e.g. test pass (or -C option)
    --show           false                    show GUI (or -X option)
    --help           true                     help (or -h option)
    --info           false                    show compilation options (or -I option)
    --version        false                    show version (or -v option)
